f:\work\open courses\leetcode_solutions\c++\vector_operation\vector_operation\debug\vector_operation.pch
f:\work\open courses\leetcode_solutions\c++\vector_operation\vector_operation\debug\vc140.pdb
f:\work\open courses\leetcode_solutions\c++\vector_operation\vector_operation\debug\vc140.idb
f:\work\open courses\leetcode_solutions\c++\vector_operation\vector_operation\debug\stdafx.obj
f:\work\open courses\leetcode_solutions\c++\vector_operation\vector_operation\debug\vector_operation.obj
f:\work\open courses\leetcode_solutions\c++\vector_operation\debug\vector_operation.ilk
f:\work\open courses\leetcode_solutions\c++\vector_operation\debug\vector_operation.exe
f:\work\open courses\leetcode_solutions\c++\vector_operation\debug\vector_operation.pdb
f:\work\open courses\leetcode_solutions\c++\01 two sum\vector_operation\vector_operation\debug\stdafx.obj
f:\work\open courses\leetcode_solutions\c++\01 two sum\vector_operation\vector_operation\debug\vector_operation.obj
f:\work\open courses\leetcode_solutions\c++\01 two sum\vector_operation\vector_operation\debug\vector_operation.pch
f:\work\open courses\leetcode_solutions\c++\01 two sum\vector_operation\vector_operation\debug\vc140.idb
f:\work\open courses\leetcode_solutions\c++\01 two sum\vector_operation\vector_operation\debug\vc140.pdb
f:\work\open courses\leetcode_solutions\c++\01 two sum\vector_operation\debug\vector_operation.pdb
f:\work\open courses\leetcode_solutions\c++\01 two sum\vector_operation\debug\vector_operation.exe
f:\work\open courses\leetcode_solutions\c++\01 two sum\vector_operation\debug\vector_operation.ilk
f:\work\open courses\leetcode_solutions\c++\01 two sum\vector_operation\vector_operation\debug\vector_operation.tlog\cl.command.1.tlog
f:\work\open courses\leetcode_solutions\c++\01 two sum\vector_operation\vector_operation\debug\vector_operation.tlog\cl.read.1.tlog
f:\work\open courses\leetcode_solutions\c++\01 two sum\vector_operation\vector_operation\debug\vector_operation.tlog\cl.write.1.tlog
f:\work\open courses\leetcode_solutions\c++\01 two sum\vector_operation\vector_operation\debug\vector_operation.tlog\link.command.1.tlog
f:\work\open courses\leetcode_solutions\c++\01 two sum\vector_operation\vector_operation\debug\vector_operation.tlog\link.read.1.tlog
f:\work\open courses\leetcode_solutions\c++\01 two sum\vector_operation\vector_operation\debug\vector_operation.tlog\link.write.1.tlog
